RUN	Simulations.AddUserSimulation	addusersimulation	1626419422696	test	3.5.1
USER	Add User Scenario	START	1626419424606
USER	Add User Scenario	START	1626419424606
USER	Add User Scenario	START	1626419424606
USER	Add User Scenario	START	1626419424606
USER	Add User Scenario	START	1626419424606
USER	Add User Scenario	START	1626419424606
USER	Add User Scenario	START	1626419424606
USER	Add User Scenario	START	1626419424606
USER	Add User Scenario	START	1626419424606
USER	Add User Scenario	START	1626419424606
REQUEST		add user request	1626419424633	1626419424989	OK	 
REQUEST		add user request	1626419424633	1626419424989	OK	 
REQUEST		add user request	1626419424633	1626419424989	OK	 
REQUEST		add user request	1626419424633	1626419424989	OK	 
REQUEST		add user request	1626419424633	1626419424990	OK	 
REQUEST		add user request	1626419424633	1626419424989	OK	 
REQUEST		add user request	1626419424633	1626419424989	OK	 
REQUEST		add user request	1626419424633	1626419424989	OK	 
REQUEST		add user request	1626419424633	1626419424991	OK	 
REQUEST		add user request	1626419424633	1626419424990	OK	 
REQUEST		add user request Redirect 1	1626419424999	1626419425446	OK	 
REQUEST		add user request Redirect 1	1626419424999	1626419425447	OK	 
REQUEST		add user request Redirect 1	1626419424999	1626419425448	OK	 
REQUEST		add user request Redirect 1	1626419424999	1626419425449	OK	 
REQUEST		add user request Redirect 1	1626419424999	1626419425444	OK	 
REQUEST		add user request Redirect 1	1626419424999	1626419425444	OK	 
REQUEST		add user request Redirect 1	1626419424999	1626419425445	OK	 
REQUEST		add user request Redirect 1	1626419424999	1626419425444	OK	 
REQUEST		add user request Redirect 1	1626419424999	1626419425457	OK	 
REQUEST		add user request Redirect 1	1626419424999	1626419425478	OK	 
REQUEST		get user request	1626419430463	1626419430605	OK	 
REQUEST		get user request	1626419430463	1626419430605	OK	 
REQUEST		get user request	1626419430463	1626419430605	OK	 
REQUEST		get user request	1626419430463	1626419430605	OK	 
REQUEST		get user request	1626419430464	1626419430606	OK	 
REQUEST		get user request	1626419430464	1626419430606	OK	 
REQUEST		get user request	1626419430463	1626419430610	OK	 
REQUEST		get user request	1626419430463	1626419430610	OK	 
REQUEST		get user request	1626419430463	1626419430610	OK	 
REQUEST		get user request	1626419430484	1626419430626	OK	 
REQUEST		get user request Redirect 1	1626419430605	1626419431158	KO	status.find.is(200), but actually found 404
REQUEST		get user request Redirect 1	1626419430610	1626419431175	KO	status.find.is(200), but actually found 404
USER	Add User Scenario	END	1626419431177
USER	Add User Scenario	END	1626419431177
REQUEST		get user request Redirect 1	1626419430605	1626419431180	KO	status.find.is(200), but actually found 404
REQUEST		get user request Redirect 1	1626419430605	1626419431180	KO	status.find.is(200), but actually found 404
USER	Add User Scenario	END	1626419431181
USER	Add User Scenario	END	1626419431181
REQUEST		get user request Redirect 1	1626419430610	1626419431186	KO	status.find.is(200), but actually found 404
USER	Add User Scenario	END	1626419431186
REQUEST		get user request Redirect 1	1626419430607	1626419431211	KO	status.find.is(200), but actually found 404
USER	Add User Scenario	END	1626419431212
REQUEST		get user request Redirect 1	1626419430606	1626419431227	KO	status.find.is(200), but actually found 404
USER	Add User Scenario	END	1626419431228
REQUEST		get user request Redirect 1	1626419430605	1626419431233	KO	status.find.is(200), but actually found 404
USER	Add User Scenario	END	1626419431234
REQUEST		get user request Redirect 1	1626419430610	1626419431262	KO	status.find.is(200), but actually found 404
USER	Add User Scenario	END	1626419431264
REQUEST		get user request Redirect 1	1626419430626	1626419431276	KO	status.find.is(200), but actually found 404
USER	Add User Scenario	END	1626419431278
