RUN	Simulations.AddUserSimulation	addusersimulation	1626419848920	test	3.5.1
USER	Add User Scenario	START	1626419851963
USER	Add User Scenario	START	1626419851963
USER	Add User Scenario	START	1626419851963
USER	Add User Scenario	START	1626419851963
USER	Add User Scenario	START	1626419851963
USER	Add User Scenario	START	1626419851963
USER	Add User Scenario	START	1626419851963
USER	Add User Scenario	START	1626419851963
USER	Add User Scenario	START	1626419851963
USER	Add User Scenario	START	1626419851963
REQUEST		add user request	1626419851994	1626419852320	OK	 
REQUEST		add user request	1626419851994	1626419852320	OK	 
REQUEST		add user request	1626419851994	1626419852320	OK	 
REQUEST		add user request	1626419851994	1626419852320	OK	 
REQUEST		add user request	1626419851994	1626419852339	OK	 
REQUEST		add user request	1626419851994	1626419852339	OK	 
REQUEST		add user request	1626419851994	1626419852339	OK	 
REQUEST		add user request	1626419851994	1626419852339	OK	 
REQUEST		add user request Redirect 1	1626419852329	1626419852823	OK	 
REQUEST		add user request Redirect 1	1626419852340	1626419852839	OK	 
REQUEST		add user request Redirect 1	1626419852340	1626419852845	OK	 
REQUEST		add user request Redirect 1	1626419852329	1626419852847	OK	 
REQUEST		add user request Redirect 1	1626419852329	1626419852860	OK	 
REQUEST		add user request Redirect 1	1626419852340	1626419852863	OK	 
REQUEST		add user request Redirect 1	1626419852340	1626419852995	OK	 
REQUEST		add user request	1626419851994	1626419853340	OK	 
REQUEST		add user request	1626419851994	1626419853349	OK	 
REQUEST		add user request Redirect 1	1626419852329	1626419853740	OK	 
REQUEST		add user request Redirect 1	1626419853340	1626419853796	OK	 
REQUEST		add user request Redirect 1	1626419853350	1626419854791	OK	 
REQUEST		get user request	1626419855840	1626419855989	OK	 
REQUEST		get user request	1626419855845	1626419855989	OK	 
REQUEST		get user request	1626419855846	1626419855990	OK	 
REQUEST		get user request	1626419855852	1626419855992	OK	 
REQUEST		get user request	1626419855862	1626419856005	OK	 
REQUEST		get user request	1626419855866	1626419856009	OK	 
REQUEST		get user request Redirect 1	1626419855990	1626419856139	OK	 
REQUEST		get user request Redirect 1	1626419855990	1626419856139	OK	 
REQUEST		get user request Redirect 1	1626419855991	1626419856139	OK	 
REQUEST		get user request	1626419855999	1626419856143	OK	 
REQUEST		get user request Redirect 1	1626419855993	1626419856143	OK	 
USER	Add User Scenario	END	1626419856144
USER	Add User Scenario	END	1626419856144
USER	Add User Scenario	END	1626419856144
USER	Add User Scenario	END	1626419856144
REQUEST		get user request Redirect 1	1626419856005	1626419856148	OK	 
USER	Add User Scenario	END	1626419856149
REQUEST		get user request Redirect 1	1626419856010	1626419856155	OK	 
USER	Add User Scenario	END	1626419856156
REQUEST		get user request Redirect 1	1626419856144	1626419856290	OK	 
USER	Add User Scenario	END	1626419856292
REQUEST		get user request	1626419856745	1626419856894	OK	 
REQUEST		get user request	1626419856801	1626419856957	OK	 
REQUEST		get user request Redirect 1	1626419856894	1626419857055	OK	 
USER	Add User Scenario	END	1626419857056
REQUEST		get user request Redirect 1	1626419856958	1626419857539	OK	 
USER	Add User Scenario	END	1626419857540
REQUEST		get user request	1626419857796	1626419857939	OK	 
REQUEST		get user request Redirect 1	1626419857940	1626419858089	OK	 
USER	Add User Scenario	END	1626419858090
