RUN	Simulations.AddUserSimulation	addusersimulation	1626419659488	test	3.5.1
USER	Add User Scenario	START	1626419660879
USER	Add User Scenario	START	1626419660879
USER	Add User Scenario	START	1626419660879
USER	Add User Scenario	START	1626419660879
USER	Add User Scenario	START	1626419660879
USER	Add User Scenario	START	1626419660879
USER	Add User Scenario	START	1626419660879
USER	Add User Scenario	START	1626419660879
USER	Add User Scenario	START	1626419660879
USER	Add User Scenario	START	1626419660879
REQUEST		add user request	1626419660904	1626419661235	OK	 
REQUEST		add user request	1626419660904	1626419661236	OK	 
REQUEST		add user request	1626419660904	1626419661229	OK	 
REQUEST		add user request	1626419660904	1626419661229	OK	 
REQUEST		add user request	1626419660904	1626419661228	OK	 
REQUEST		add user request Redirect 1	1626419661237	1626419661669	OK	 
REQUEST		add user request Redirect 1	1626419661237	1626419661670	OK	 
REQUEST		add user request Redirect 1	1626419661237	1626419661671	OK	 
REQUEST		add user request Redirect 1	1626419661237	1626419661669	OK	 
REQUEST		add user request Redirect 1	1626419661237	1626419661669	OK	 
USER	Add User Scenario	END	1626419661681
USER	Add User Scenario	END	1626419661681
USER	Add User Scenario	END	1626419661681
USER	Add User Scenario	END	1626419661681
USER	Add User Scenario	END	1626419661681
REQUEST		add user request	1626419660904	1626419662225	OK	 
REQUEST		add user request	1626419660904	1626419662228	OK	 
REQUEST		add user request	1626419660904	1626419662232	OK	 
REQUEST		add user request	1626419660904	1626419662232	OK	 
REQUEST		add user request	1626419660904	1626419662236	OK	 
REQUEST		add user request Redirect 1	1626419662228	1626419662690	OK	 
USER	Add User Scenario	END	1626419662691
REQUEST		add user request Redirect 1	1626419662225	1626419662744	OK	 
USER	Add User Scenario	END	1626419662745
REQUEST		add user request Redirect 1	1626419662232	1626419663436	OK	 
USER	Add User Scenario	END	1626419663437
REQUEST		add user request Redirect 1	1626419662237	1626419663438	OK	 
USER	Add User Scenario	END	1626419663439
REQUEST		add user request Redirect 1	1626419662232	1626419663670	OK	 
USER	Add User Scenario	END	1626419663671
